<?xml version="1.0" encoding="UTF-8"?>
<!-- Generated by org.testng.reporters.JUnitReportReporter -->
<testsuite hostname="DESKTOP-DTFBPLG" failures="0" tests="1" name="com.epam.training.student_Aleksei_Guskov.test.GooglePlatformFinderTest" time="13.283" errors="0" timestamp="2023-05-05T17:41:52 MSK" skipped="0">
  <testcase classname="com.epam.training.student_Aleksei_Guskov.test.GooglePlatformFinderTest" name="testOfGoogleFinderWithFindAndClickSearcher" time="13.283"/>
  <system-out/>
</testsuite> <!-- com.epam.training.student_Aleksei_Guskov.test.GooglePlatformFinderTest -->
