<?xml version="1.0" encoding="UTF-8"?>
<!-- Generated by org.testng.reporters.JUnitReportReporter -->
<testsuite hostname="DESKTOP-DTFBPLG" failures="0" tests="1" name="com.epam.training.student_Aleksei_Guskov.test.GooglePlatformPriceEqualsPriceInEmailTests" time="27.660" errors="0" timestamp="2023-05-05T17:41:52 MSK" skipped="0">
  <testcase classname="com.epam.training.student_Aleksei_Guskov.test.GooglePlatformPriceEqualsPriceInEmailTests" name="testOfEqualsPriceInMailAndInGoogle" time="27.660"/>
  <system-out/>
</testsuite> <!-- com.epam.training.student_Aleksei_Guskov.test.GooglePlatformPriceEqualsPriceInEmailTests -->
